<?xml version="1.0" encoding="UTF-8"?>
<testng-results skipped="0" failed="0" ignored="0" total="1" passed="1">
  <reporter-output>
  </reporter-output>
  <suite name="Default suite" duration-ms="54376" started-at="2018-03-06T03:15:02Z" finished-at="2018-03-06T03:15:57Z">
    <groups>
    </groups>
    <test name="Default test" duration-ms="54376" started-at="2018-03-06T03:15:02Z" finished-at="2018-03-06T03:15:57Z">
      <class name="com.my.tests.SmokeTests">
        <test-method status="PASS" signature="beforetest()[pri:0, instance:com.my.tests.SmokeTests@887af79]" name="beforetest" is-config="true" duration-ms="48548" started-at="2018-03-06T08:45:02Z" finished-at="2018-03-06T08:45:51Z">
          <reporter-output>
          </reporter-output>
        </test-method> <!-- beforetest -->
        <test-method status="PASS" signature="Firstpage()[pri:0, instance:com.my.tests.SmokeTests@887af79]" name="Firstpage" duration-ms="5797" started-at="2018-03-06T08:45:51Z" finished-at="2018-03-06T08:45:57Z">
          <reporter-output>
          </reporter-output>
        </test-method> <!-- Firstpage -->
      </class> <!-- com.my.tests.SmokeTests -->
    </test> <!-- Default test -->
  </suite> <!-- Default suite -->
</testng-results>
