<?xml version="1.0" encoding="UTF-8"?>
<testng-results skipped="0" failed="0" ignored="0" total="1" passed="1">
  <reporter-output>
  </reporter-output>
  <suite name="com.AppNative.HybridDemo.AppTest" duration-ms="27" started-at="2018-01-09T16:26:26Z" finished-at="2018-01-09T16:26:26Z">
    <groups>
    </groups>
    <test name="Command line test" duration-ms="27" started-at="2018-01-09T16:26:26Z" finished-at="2018-01-09T16:26:26Z">
      <class name="com.AppNative.HybridDemo.AppTest">
        <test-method status="PASS" signature="myTest()[pri:0, instance:com.AppNative.HybridDemo.AppTest@3ac3fd8b]" name="myTest" duration-ms="5" started-at="2018-01-09T21:56:26Z" finished-at="2018-01-09T21:56:26Z">
          <reporter-output>
          </reporter-output>
        </test-method> <!-- myTest -->
      </class> <!-- com.AppNative.HybridDemo.AppTest -->
    </test> <!-- Command line test -->
  </suite> <!-- com.AppNative.HybridDemo.AppTest -->
</testng-results>
