<?xml version="1.0" encoding="UTF-8"?>
<!-- Generated by org.testng.reporters.JUnitXMLReporter -->
<testsuite hostname="Kavithas-MacBook-Pro.local" ignored="0" tests="4" failures="0" timestamp="11 Jan 2018 16:50:56 GMT" time="0.492" errors="0">
  <testcase name="doLogin" time="0.007" classname="DataDriveDemoLoop"/>
  <testcase name="doLogin" time="0.001" classname="DataDriveDemoLoop"/>
  <testcase name="doLogin" time="0.001" classname="DataDriveDemoLoop"/>
  <testcase name="doLogin" time="0.001" classname="DataDriveDemoLoop"/>
</testsuite>
