<?xml version="1.0" encoding="UTF-8"?>
<testng-results skipped="0" failed="0" ignored="0" total="4" passed="4">
  <reporter-output>
  </reporter-output>
  <suite name="Default suite" duration-ms="492" started-at="2018-01-11T16:50:55Z" finished-at="2018-01-11T16:50:56Z">
    <groups>
    </groups>
    <test name="Default test" duration-ms="492" started-at="2018-01-11T16:50:55Z" finished-at="2018-01-11T16:50:56Z">
      <class name="DataDriveDemoLoop">
        <test-method status="PASS" signature="doLogin(java.lang.String, java.lang.String)[pri:0, instance:DataDriveDemoLoop@528931cf]" name="doLogin" duration-ms="7" started-at="2018-01-11T22:20:56Z" data-provider="getData" finished-at="2018-01-11T22:20:56Z">
          <params>
            <param index="0">
              <value>
                <![CDATA[Test1]]>
              </value>
            </param>
            <param index="1">
              <value>
                <![CDATA[Verify1]]>
              </value>
            </param>
          </params>
          <reporter-output>
          </reporter-output>
        </test-method> <!-- doLogin -->
        <test-method status="PASS" signature="doLogin(java.lang.String, java.lang.String)[pri:0, instance:DataDriveDemoLoop@528931cf]" name="doLogin" duration-ms="1" started-at="2018-01-11T22:20:56Z" data-provider="getData" finished-at="2018-01-11T22:20:56Z">
          <params>
            <param index="0">
              <value>
                <![CDATA[Test2]]>
              </value>
            </param>
            <param index="1">
              <value>
                <![CDATA[Verify2]]>
              </value>
            </param>
          </params>
          <reporter-output>
          </reporter-output>
        </test-method> <!-- doLogin -->
        <test-method status="PASS" signature="doLogin(java.lang.String, java.lang.String)[pri:0, instance:DataDriveDemoLoop@528931cf]" name="doLogin" duration-ms="1" started-at="2018-01-11T22:20:56Z" data-provider="getData" finished-at="2018-01-11T22:20:56Z">
          <params>
            <param index="0">
              <value>
                <![CDATA[Test3]]>
              </value>
            </param>
            <param index="1">
              <value>
                <![CDATA[Verify3]]>
              </value>
            </param>
          </params>
          <reporter-output>
          </reporter-output>
        </test-method> <!-- doLogin -->
        <test-method status="PASS" signature="doLogin(java.lang.String, java.lang.String)[pri:0, instance:DataDriveDemoLoop@528931cf]" name="doLogin" duration-ms="1" started-at="2018-01-11T22:20:56Z" data-provider="getData" finished-at="2018-01-11T22:20:56Z">
          <params>
            <param index="0">
              <value>
                <![CDATA[Test4]]>
              </value>
            </param>
            <param index="1">
              <value>
                <![CDATA[Verify4]]>
              </value>
            </param>
          </params>
          <reporter-output>
          </reporter-output>
        </test-method> <!-- doLogin -->
      </class> <!-- DataDriveDemoLoop -->
    </test> <!-- Default test -->
  </suite> <!-- Default suite -->
</testng-results>
