<?xml version="1.0" encoding="UTF-8"?>
<testng-results skipped="0" failed="0" ignored="0" total="2" passed="2">
  <reporter-output>
  </reporter-output>
  <suite name="SmokeTests" duration-ms="42" started-at="2018-01-03T16:57:36Z" finished-at="2018-01-03T16:57:36Z">
    <groups>
    </groups>
    <test name="SampleTests" duration-ms="42" started-at="2018-01-03T16:57:36Z" finished-at="2018-01-03T16:57:36Z">
      <class name="com.annot.demoOne.AnnotOne">
        <test-method status="PASS" signature="BeforeTestSetup()[pri:0, instance:com.annot.demoOne.AnnotOne@d2cc05a]" name="BeforeTestSetup" is-config="true" duration-ms="8" started-at="2018-01-03T22:27:36Z" finished-at="2018-01-03T22:27:36Z">
          <reporter-output>
          </reporter-output>
        </test-method> <!-- BeforeTestSetup -->
        <test-method status="PASS" signature="BaseSetup()[pri:0, instance:com.annot.demoOne.AnnotOne@d2cc05a]" name="BaseSetup" is-config="true" duration-ms="1" started-at="2018-01-03T22:27:36Z" finished-at="2018-01-03T22:27:36Z">
          <reporter-output>
          </reporter-output>
        </test-method> <!-- BaseSetup -->
        <test-method status="PASS" signature="AnnotDemoOne()[pri:0, instance:com.annot.demoOne.AnnotOne@d2cc05a]" name="AnnotDemoOne" duration-ms="7" started-at="2018-01-03T22:27:36Z" finished-at="2018-01-03T22:27:36Z">
          <reporter-output>
          </reporter-output>
        </test-method> <!-- AnnotDemoOne -->
        <test-method status="PASS" signature="ClearSetup()[pri:0, instance:com.annot.demoOne.AnnotOne@d2cc05a]" name="ClearSetup" is-config="true" duration-ms="0" started-at="2018-01-03T22:27:36Z" finished-at="2018-01-03T22:27:36Z">
          <reporter-output>
          </reporter-output>
        </test-method> <!-- ClearSetup -->
        <test-method status="PASS" signature="AnnotDemoTwo()[pri:0, instance:com.annot.demoOne.AnnotOne@d2cc05a]" name="AnnotDemoTwo" duration-ms="3" started-at="2018-01-03T22:27:36Z" finished-at="2018-01-03T22:27:36Z">
          <reporter-output>
          </reporter-output>
        </test-method> <!-- AnnotDemoTwo -->
        <test-method status="PASS" signature="BaseSetup()[pri:0, instance:com.annot.demoOne.AnnotOne@d2cc05a]" name="BaseSetup" is-config="true" duration-ms="0" started-at="2018-01-03T22:27:36Z" finished-at="2018-01-03T22:27:36Z">
          <reporter-output>
          </reporter-output>
        </test-method> <!-- BaseSetup -->
        <test-method status="PASS" signature="ClearSetup()[pri:0, instance:com.annot.demoOne.AnnotOne@d2cc05a]" name="ClearSetup" is-config="true" duration-ms="1" started-at="2018-01-03T22:27:36Z" finished-at="2018-01-03T22:27:36Z">
          <reporter-output>
          </reporter-output>
        </test-method> <!-- ClearSetup -->
        <test-method status="PASS" signature="AfterTestTearDown()[pri:0, instance:com.annot.demoOne.AnnotOne@d2cc05a]" name="AfterTestTearDown" is-config="true" duration-ms="0" started-at="2018-01-03T22:27:36Z" finished-at="2018-01-03T22:27:36Z">
          <reporter-output>
          </reporter-output>
        </test-method> <!-- AfterTestTearDown -->
      </class> <!-- com.annot.demoOne.AnnotOne -->
    </test> <!-- SampleTests -->
  </suite> <!-- SmokeTests -->
</testng-results>
